[LOG] System::create                           : Header version = 1.10.04. Current version = 1.10.04.
[LOG] SystemI::setOutputInternal               : Setting output to 'FMOD WASAPI Output'
[LOG] Manager::init                            : maxchannels = 1024 studioflags = 00000009 flags 00000000 extradriverdata 0000000000000000.
[LOG] SystemI::init                            : Initialize version=11004 (93853), maxchannels=1024, flags=0x00030000
[LOG] OutputWASAPI::init                       : Mix Format (WAVEFORMATEX): wFormatTag=0xFFFE, nChannels=2, nSamplesPerSec=48000, nAvgBytesPerSec=384000, nBlockAlign=8, wBitsPerSample=32, cbSize=22.
[LOG] OutputWASAPI::init                       : Mix Format (WAVEFORMATEXTENSIBLE): wValidBitsPerSample=32, dwChannelMask=0x00000003, SubFormat=00000003-0000-0010-8000-00AA00389B71.
[LOG] OutputWASAPI::init                       : Output buffer size: 4096 samples, latency: 0.00ms, period: 10.00ms, DSP buffer: 1024 * 4
[LOG] Thread::initThread                       : Init FMOD stream thread. Priority: 2, Stack Size: 65536, Semaphore: No, Sleep Time: 10, Looping: Yes.
[LOG] SystemI::DSPCodecPoolRegister            : register codec pool for pool type 5
[LOG] Thread::initThread                       : Init FMOD mixer thread. Priority: 3, Stack Size: 49152, Semaphore: No, Sleep Time: 0, Looping: Yes.
[LOG] AsyncManager::init                       : manager 0000000045E5C828 isAsync 1 updatePeriod 0.02
[LOG] Thread::initThread                       : Init FMOD Studio update thread. Priority: 0, Stack Size: 65536, Semaphore: No, Sleep Time: 1, Looping: No.
[LOG] AsyncManager::init                       : done
[LOG] PlaybackSystem::init                     : 
[LOG] Thread::initThread                       : Init FMOD Studio sample load thread. Priority: 0, Stack Size: 65536, Semaphore: No, Sleep Time: 1, Looping: No.
[LOG] PlaybackSystem::init                     : done
[LOG] LiveUpdate::init                         : 
[LOG] Thread::initThread                       : Init FMOD Studio bank load thread. Priority: 0, Stack Size: 65536, Semaphore: No, Sleep Time: 1, Looping: No.
[LOG] Manager::init                            : done.
[LOG] Profile::init                            : Profiler listening on port: 9264
[LOG] Manager::readBank                        : fileversion = 100, compatVersion = 99 (oldest = 44, newest = 100)
[LOG] Manager::readBank                        : fileversion = 100, compatVersion = 99 (oldest = 44, newest = 100)
[LOG] PlaybackSystem::acquireMasterBus         : Setting master channel group format to 6
[LOG] SystemI::createSound                     : filename = Assets\fmod_project\Asylum\Build\Desktop/Master Bank.bank : mode 02010082
[LOG] SystemI::createSound                     : FMOD_NONBLOCKING specified.  Putting into queue to be opened asynchronously!
[LOG] SystemI::createSound                     : setdata soundi = 00000000550DB028 : node = 0000000045B22290
[LOG] SystemI::createSound                     : add node to async list : head = 0000000045E988F8.  list count = 0
[LOG] AsyncThread::threadFunc                  : Starting Asynchronous operation on sound 00000000550DB028
[LOG] SystemI::createSoundInternal             :     Create name='Assets\fmod_project\Asylum\Build\Desktop/Master Bank.bank', mode=0x02010082
[LOG] SystemI::createSoundInternal             :     exinfo->cbsize             = 232
[LOG] SystemI::createSoundInternal             :     exinfo->length             = 2675136
[LOG] SystemI::createSoundInternal             :     exinfo->fileoffset         = 23168
[LOG] SystemI::createSoundInternal             :     exinfo->numsubsounds       = 1
[LOG] SystemI::createSoundInternal             :     exinfo->inclusionlist      = 0000000045B223A8
[LOG] SystemI::createSoundInternal             :     exinfo->inclusionlistnum   = 1
[LOG] SystemI::createSoundInternal             :     exinfo->suggestedsoundtype = 5
[LOG] SystemI::createSoundInternal             :     exinfo->initialseekpostype = 1
[LOG] SystemI::createSound                     :     filename = Assets\fmod_project\Asylum\Build\Desktop/Master Bank.bank : mode 02010082
[LOG] SystemI::createSound                     :     FMOD_NONBLOCKING specified.  Putting into queue to be opened asynchronously!
[LOG] SystemI::createSound                     :     setdata soundi = 00000000550DB1D8 : node = 0000000045B223E0
[LOG] SystemI::createSound                     :     add node to async list : head = 0000000045E988F8.  list count = 0
[LOG] SystemI::createSound                     :     filename = Assets\fmod_project\Asylum\Build\Desktop/Master Bank.bank : mode 02010082
[LOG] SystemI::createSound                     :     FMOD_NONBLOCKING specified.  Putting into queue to be opened asynchronously!
[LOG] SystemI::createSound                     :     setdata soundi = 00000000550DAE78 : node = 0000000045B21420
[LOG] SystemI::createSound                     :     add node to async list : head = 0000000045E988F8.  list count = 1
[LOG] SystemI::createSound                     :     filename = Assets\fmod_project\Asylum\Build\Desktop/Master Bank.bank : mode 02010082
[LOG] SystemI::createSound                     :     FMOD_NONBLOCKING specified.  Putting into queue to be opened asynchronously!
[LOG] SystemI::createSound                     :     setdata soundi = 00000000550DB388 : node = 0000000045B20700
[LOG] SystemI::createSound                     :     add node to async list : head = 0000000045E988F8.  list count = 2
[LOG] SystemI::createSoundInternal             :     Stream 0/1: name='electric_hum_buzz_01', format=2, channels=2, frequency=48000, lengthbytes=219616, lengthpcm=561946, pcmblocksize=0, loopstart=0, loopend=0, mode=0x00000000, channelmask=0x00000000, channelorder=0, peakvolume=0.080505.
[LOG] AsyncThread::threadFunc                  : Finished Asynchronous operation on sound 00000000550DB028
[LOG] AsyncThread::threadFunc                  : Starting Asynchronous operation on sound 00000000550DB1D8
[LOG] SystemI::createSoundInternal             :     Create name='Assets\fmod_project\Asylum\Build\Desktop/Master Bank.bank', mode=0x02010082
[LOG] SystemI::createSoundInternal             :     exinfo->cbsize             = 232
[LOG] SystemI::createSoundInternal             :     exinfo->length             = 2675136
[LOG] SystemI::createSoundInternal             :     exinfo->fileoffset         = 23168
[LOG] SystemI::createSoundInternal             :     exinfo->numsubsounds       = 1
[LOG] SystemI::createSoundInternal             :     exinfo->inclusionlist      = 0000000045B224F8
[LOG] SystemI::createSoundInternal             :     exinfo->inclusionlistnum   = 1
[LOG] SystemI::createSoundInternal             :     exinfo->suggestedsoundtype = 5
[LOG] SystemI::createSoundInternal             :     exinfo->initialseekpostype = 1
[LOG] SystemI::createSoundInternal             :     Stream 0/1: name='electric_hum_buzz_01', format=2, channels=2, frequency=48000, lengthbytes=219616, lengthpcm=561946, pcmblocksize=0, loopstart=0, loopend=0, mode=0x00000000, channelmask=0x00000000, channelorder=0, peakvolume=0.080505.
[LOG] AsyncThread::threadFunc                  : Finished Asynchronous operation on sound 00000000550DB1D8
[LOG] AsyncThread::threadFunc                  : Starting Asynchronous operation on sound 00000000550DAE78
[LOG] SystemI::createSoundInternal             :     Create name='Assets\fmod_project\Asylum\Build\Desktop/Master Bank.bank', mode=0x02010082
[LOG] SystemI::createSoundInternal             :     exinfo->cbsize             = 232
[LOG] SystemI::createSoundInternal             :     exinfo->length             = 2675136
[LOG] SystemI::createSoundInternal             :     exinfo->fileoffset         = 23168
[LOG] SystemI::createSoundInternal             :     exinfo->numsubsounds       = 1
[LOG] SystemI::createSoundInternal             :     exinfo->inclusionlist      = 0000000045B21538
[LOG] SystemI::createSoundInternal             :     exinfo->inclusionlistnum   = 1
[LOG] SystemI::createSoundInternal             :     exinfo->suggestedsoundtype = 5
[LOG] SystemI::createSoundInternal             :     exinfo->initialseekpostype = 1
[LOG] SystemI::createSoundInternal             :     Stream 0/1: name='electric_hum_buzz_01', format=2, channels=2, frequency=48000, lengthbytes=219616, lengthpcm=561946, pcmblocksize=0, loopstart=0, loopend=0, mode=0x00000000, channelmask=0x00000000, channelorder=0, peakvolume=0.080505.
[LOG] AsyncThread::threadFunc                  : Finished Asynchronous operation on sound 00000000550DAE78
[LOG] AsyncThread::threadFunc                  : Starting Asynchronous operation on sound 00000000550DB388
[LOG] SystemI::createSoundInternal             :     Create name='Assets\fmod_project\Asylum\Build\Desktop/Master Bank.bank', mode=0x02010082
[LOG] SystemI::createSoundInternal             :     exinfo->cbsize             = 232
[LOG] SystemI::createSoundInternal             :     exinfo->length             = 2675136
[LOG] SystemI::createSoundInternal             :     exinfo->fileoffset         = 23168
[LOG] SystemI::createSoundInternal             :     exinfo->numsubsounds       = 1
[LOG] SystemI::createSoundInternal             :     exinfo->inclusionlist      = 0000000045B20818
[LOG] SystemI::createSoundInternal             :     exinfo->inclusionlistnum   = 1
[LOG] SystemI::createSoundInternal             :     exinfo->suggestedsoundtype = 5
[LOG] SystemI::createSoundInternal             :     exinfo->initialseekpostype = 1
[LOG] SystemI::createSoundInternal             :     Stream 0/1: name='electric_hum_buzz_01', format=2, channels=2, frequency=48000, lengthbytes=219616, lengthpcm=561946, pcmblocksize=0, loopstart=0, loopend=0, mode=0x00000000, channelmask=0x00000000, channelorder=0, peakvolume=0.080505.
[LOG] AsyncThread::threadFunc                  : Finished Asynchronous operation on sound 00000000550DB388
[LOG] SystemI::createSound                     : filename = Assets\fmod_project\Asylum\Build\Desktop/Master Bank.bank : mode 02010082
[LOG] SystemI::createSound                     : FMOD_NONBLOCKING specified.  Putting into queue to be opened asynchronously!
[LOG] SystemI::createSound                     : setdata soundi = 0000000055C5BD68 : node = 0000000045B216C0
[LOG] SystemI::createSound                     : add node to async list : head = 0000000045E988F8.  list count = 0
[LOG] AsyncThread::threadFunc                  : Starting Asynchronous operation on sound 0000000055C5BD68
[LOG] SoundI::getSubSound                      : sound 00000000550DB028.  Subsound index 0 / 1
[LOG] SystemI::createSoundInternal             :     Create name='Assets\fmod_project\Asylum\Build\Desktop/Master Bank.bank', mode=0x02010082
[LOG] SystemI::createSoundInternal             :     exinfo->cbsize             = 232
[LOG] SystemI::createSoundInternal             :     exinfo->length             = 2675136
[LOG] SystemI::createSoundInternal             :     exinfo->fileoffset         = 23168
[LOG] SystemI::createSoundInternal             :     exinfo->numsubsounds       = 1
[LOG] SoundI::getSubSound                      :     sound 00000000550DB1D8.  Subsound index 0 / 1
[LOG] SystemI::createSoundInternal             :     exinfo->inclusionlist      = 0000000045B217D8
[LOG] SystemI::createSoundInternal             :     exinfo->inclusionlistnum   = 1
[LOG] SoundI::getSubSound                      :     sound 00000000550DAE78.  Subsound index 0 / 1
[LOG] SystemI::createSoundInternal             :     exinfo->suggestedsoundtype = 5
[LOG] SystemI::createSoundInternal             :     exinfo->initialseekpostype = 1
[LOG] SoundI::getSubSound                      :     sound 00000000550DB388.  Subsound index 0 / 1
[LOG] SystemI::createSoundInternal             :     Stream 0/1: name='Wind,Ext,Breeze,Grass,Tall,Rustle,Buffeting', format=2, channels=2, frequency=48000, lengthbytes=1474528, lengthpcm=5319412, pcmblocksize=0, loopstart=0, loopend=0, mode=0x00000000, channelmask=0x00000000, channelorder=0, peakvolume=0.211108.
[LOG] AsyncThread::threadFunc                  : Finished Asynchronous operation on sound 0000000055C5BD68
[LOG] SoundI::getSubSound                      : sound 0000000055C5BD68.  Subsound index 0 / 1
[LOG] AsyncThread::threadFunc                  : Starting Asynchronous operation on sound 0000000055155C48
[LOG] AsyncThread::threadFunc                  : Finished Asynchronous operation on sound 0000000055155C48
[LOG] AsyncThread::threadFunc                  : Starting Asynchronous operation on sound 000000005558F1A8
[LOG] AsyncThread::threadFunc                  : Finished Asynchronous operation on sound 000000005558F1A8
[LOG] AsyncThread::threadFunc                  : Starting Asynchronous operation on sound 0000000055155A98
[LOG] AsyncThread::threadFunc                  : Finished Asynchronous operation on sound 0000000055155A98
[LOG] AsyncThread::threadFunc                  : Starting Asynchronous operation on sound 0000000055155DF8
[LOG] AsyncThread::threadFunc                  : Finished Asynchronous operation on sound 0000000055155DF8
[LOG] SoundI::release                          : Wind,Ext,Breeze,Grass,Tall,Rustle,Buffeting (0000000055C5BD68)
[LOG] SoundI::release                          :     Wind,Ext,Breeze,Grass,Tall,Rustle,Buffeting (0000000045E97DE8)
[LOG] SoundI::release                          :     Wind,Ext,Breeze,Grass,Tall,Rustle,Buffeting (000000005558EC98)
[LOG] SoundI::release                          : electric_hum_buzz_01 (00000000550DB388)
[LOG] SoundI::release                          :     electric_hum_buzz_01 (0000000045E975C8)
[LOG] SoundI::release                          :     electric_hum_buzz_01 (000000005558F1A8)
[LOG] SoundI::release                          : electric_hum_buzz_01 (00000000550DAE78)
[LOG] SoundI::release                          :     electric_hum_buzz_01 (0000000045E997E8)
[LOG] SoundI::release                          :     electric_hum_buzz_01 (0000000055155DF8)
[LOG] SoundI::release                          : electric_hum_buzz_01 (00000000550DB1D8)
[LOG] SoundI::release                          :     electric_hum_buzz_01 (0000000045E99168)
[LOG] SoundI::release                          :     electric_hum_buzz_01 (0000000055155C48)
[LOG] SoundI::release                          : electric_hum_buzz_01 (00000000550DB028)
[LOG] SoundI::release                          :     electric_hum_buzz_01 (0000000045E98468)
[LOG] SoundI::release                          :     electric_hum_buzz_01 (0000000055155A98)
[LOG] Thread::callback                         : FMOD Studio update thread finished.
[LOG] Thread::callback                         : FMOD Studio bank load thread finished.
[LOG] Profile::disconnectAll                   : Profiler disconnecting all clients
[LOG] Thread::callback                         : FMOD Studio sample load thread finished.
[LOG] LiveUpdate::release                      : 
[LOG] LiveUpdate::reset                        : Reset connection (reason Disconnected)
[LOG] Thread::callback                         : FMOD stream thread finished.
[LOG] Thread::callback                         : FMOD mixer thread finished.
[LOG] Profile::disconnectAll                   : Profiler disconnecting all clients
[LOG] SystemI::close                           : Closed.
